# JRE version: 7.0_25-b15
# Java VM: Java HotSpot(TM) 64-Bit Server VM (23.25-b01 mixed mode linux-amd64 compressed oops)
Heap
 PSYoungGen      total 17600K, used 10272K [0x00000000ec560000, 0x00000000ed900000, 0x0000000100000000)
  eden space 15104K, 68% used [0x00000000ec560000,0x00000000ecf680b0,0x00000000ed420000)
  from space 2496K, 0% used [0x00000000ed690000,0x00000000ed690000,0x00000000ed900000)
  to   space 2496K, 0% used [0x00000000ed420000,0x00000000ed420000,0x00000000ed690000)
 ParOldGen       total 42048K, used 8901K [0x00000000c5000000, 0x00000000c7910000, 0x00000000ec560000)
  object space 42048K, 21% used [0x00000000c5000000,0x00000000c58b15d8,0x00000000c7910000)
 PSPermGen       total 40256K, used 20014K [0x00000000bfe00000, 0x00000000c2550000, 0x00000000c5000000)
  object space 40256K, 49% used [0x00000000bfe00000,0x00000000c118b958,0x00000000c2550000)
GC Heap History (10 events):
Event: 7.137 GC heap before
{Heap before GC invocations=1 (full 0):
 PSYoungGen      total 17600K, used 15104K [0x00000000ec560000, 0x00000000ed900000, 0x0000000100000000)
  eden space 15104K, 100% used [0x00000000ec560000,0x00000000ed420000,0x00000000ed420000)
  from space 2496K, 0% used [0x00000000ed690000,0x00000000ed690000,0x00000000ed900000)
  to   space 2496K, 0% used [0x00000000ed420000,0x00000000ed420000,0x00000000ed690000)
 ParOldGen       total 40320K, used 0K [0x00000000c5000000, 0x00000000c7760000, 0x00000000ec560000)
  object space 40320K, 0% used [0x00000000c5000000,0x00000000c5000000,0x00000000c7760000)
 PSPermGen       total 21248K, used 14586K [0x00000000bfe00000, 0x00000000c12c0000, 0x00000000c5000000)
  object space 21248K, 68% used [0x00000000bfe00000,0x00000000c0c3ebb8,0x00000000c12c0000)
Event: 7.146 GC heap after
Heap after GC invocations=1 (full 0):
 PSYoungGen      total 17600K, used 2496K [0x00000000ec560000, 0x00000000ed900000, 0x0000000100000000)
  eden space 15104K, 0% used [0x00000000ec560000,0x00000000ec560000,0x00000000ed420000)
  from space 2496K, 100% used [0x00000000ed420000,0x00000000ed690000,0x00000000ed690000)
  to   space 2496K, 0% used [0x00000000ed690000,0x00000000ed690000,0x00000000ed900000)
 ParOldGen       total 40320K, used 1091K [0x00000000c5000000, 0x00000000c7760000, 0x00000000ec560000)
  object space 40320K, 2% used [0x00000000c5000000,0x00000000c5110e50,0x00000000c7760000)
 PSPermGen       total 21248K, used 14586K [0x00000000bfe00000, 0x00000000c12c0000, 0x00000000c5000000)
  object space 21248K, 68% used [0x00000000bfe00000,0x00000000c0c3ebb8,0x00000000c12c0000)
}
Event: 313.689 GC heap before
{Heap before GC invocations=2 (full 0):
 PSYoungGen      total 17600K, used 17600K [0x00000000ec560000, 0x00000000ed900000, 0x0000000100000000)
  eden space 15104K, 100% used [0x00000000ec560000,0x00000000ed420000,0x00000000ed420000)
  from space 2496K, 100% used [0x00000000ed420000,0x00000000ed690000,0x00000000ed690000)
  to   space 2496K, 0% used [0x00000000ed690000,0x00000000ed690000,0x00000000ed900000)
 ParOldGen       total 40320K, used 1091K [0x00000000c5000000, 0x00000000c7760000, 0x00000000ec560000)
  object space 40320K, 2% used [0x00000000c5000000,0x00000000c5110e50,0x00000000c7760000)
 PSPermGen       total 21248K, used 19326K [0x00000000bfe00000, 0x00000000c12c0000, 0x00000000c5000000)
  object space 21248K, 90% used [0x00000000bfe00000,0x00000000c10dfb50,0x00000000c12c0000)
Event: 313.704 GC heap after
Heap after GC invocations=2 (full 0):
 PSYoungGen      total 17600K, used 2465K [0x00000000ec560000, 0x00000000ed900000, 0x0000000100000000)
  eden space 15104K, 0% used [0x00000000ec560000,0x00000000ec560000,0x00000000ed420000)
  from space 2496K, 98% used [0x00000000ed690000,0x00000000ed8f8540,0x00000000ed900000)
  to   space 2496K, 0% used [0x00000000ed420000,0x00000000ed420000,0x00000000ed690000)
 ParOldGen       total 40320K, used 3307K [0x00000000c5000000, 0x00000000c7760000, 0x00000000ec560000)
  object space 40320K, 8% used [0x00000000c5000000,0x00000000c533af98,0x00000000c7760000)
 PSPermGen       total 21248K, used 19326K [0x00000000bfe00000, 0x00000000c12c0000, 0x00000000c5000000)
  object space 21248K, 90% used [0x00000000bfe00000,0x00000000c10dfb50,0x00000000c12c0000)
}
Event: 610.743 GC heap before
{Heap before GC invocations=3 (full 0):
 PSYoungGen      total 17600K, used 17569K [0x00000000ec560000, 0x00000000ed900000, 0x0000000100000000)
  eden space 15104K, 100% used [0x00000000ec560000,0x00000000ed420000,0x00000000ed420000)
  from space 2496K, 98% used [0x00000000ed690000,0x00000000ed8f8540,0x00000000ed900000)
  to   space 2496K, 0% used [0x00000000ed420000,0x00000000ed420000,0x00000000ed690000)
 ParOldGen       total 40320K, used 3307K [0x00000000c5000000, 0x00000000c7760000, 0x00000000ec560000)
  object space 40320K, 8% used [0x00000000c5000000,0x00000000c533af98,0x00000000c7760000)
 PSPermGen       total 21248K, used 19911K [0x00000000bfe00000, 0x00000000c12c0000, 0x00000000c5000000)
  object space 21248K, 93% used [0x00000000bfe00000,0x00000000c1171da0,0x00000000c12c0000)
Event: 610.752 GC heap after
Heap after GC invocations=3 (full 0):
 PSYoungGen      total 17600K, used 2465K [0x00000000ec560000, 0x00000000ed900000, 0x0000000100000000)
  eden space 15104K, 0% used [0x00000000ec560000,0x00000000ec560000,0x00000000ed420000)
  from space 2496K, 98% used [0x00000000ed420000,0x00000000ed688540,0x00000000ed690000)
  to   space 2496K, 0% used [0x00000000ed690000,0x00000000ed690000,0x00000000ed900000)
 ParOldGen       total 40320K, used 11703K [0x00000000c5000000, 0x00000000c7760000, 0x00000000ec560000)
  object space 40320K, 29% used [0x00000000c5000000,0x00000000c5b6dfb8,0x00000000c7760000)
 PSPermGen       total 21248K, used 19911K [0x00000000bfe00000, 0x00000000c12c0000, 0x00000000c5000000)
  object space 21248K, 93% used [0x00000000bfe00000,0x00000000c1171da0,0x00000000c12c0000)
}
Event: 1211.753 GC heap before
{Heap before GC invocations=4 (full 0):
 PSYoungGen      total 17600K, used 17567K [0x00000000ec560000, 0x00000000ed900000, 0x0000000100000000)
  eden space 15104K, 99% used [0x00000000ec560000,0x00000000ed41f848,0x00000000ed420000)
  from space 2496K, 98% used [0x00000000ed420000,0x00000000ed688540,0x00000000ed690000)
  to   space 2496K, 0% used [0x00000000ed690000,0x00000000ed690000,0x00000000ed900000)
 ParOldGen       total 40320K, used 11703K [0x00000000c5000000, 0x00000000c7760000, 0x00000000ec560000)
  object space 40320K, 29% used [0x00000000c5000000,0x00000000c5b6dfb8,0x00000000c7760000)
 PSPermGen       total 21248K, used 19987K [0x00000000bfe00000, 0x00000000c12c0000, 0x00000000c5000000)
  object space 21248K, 94% used [0x00000000bfe00000,0x00000000c1184d90,0x00000000c12c0000)
Event: 1211.764 GC heap after
Heap after GC invocations=4 (full 0):
 PSYoungGen      total 17600K, used 2467K [0x00000000ec560000, 0x00000000ed900000, 0x0000000100000000)
  eden space 15104K, 0% used [0x00000000ec560000,0x00000000ec560000,0x00000000ed420000)
  from space 2496K, 98% used [0x00000000ed690000,0x00000000ed8f8d50,0x00000000ed900000)
  to   space 2496K, 0% used [0x00000000ed420000,0x00000000ed420000,0x00000000ed690000)
 ParOldGen       total 40320K, used 28315K [0x00000000c5000000, 0x00000000c7760000, 0x00000000ec560000)
  object space 40320K, 70% used [0x00000000c5000000,0x00000000c6ba6de8,0x00000000c7760000)
 PSPermGen       total 21248K, used 19987K [0x00000000bfe00000, 0x00000000c12c0000, 0x00000000c5000000)
  object space 21248K, 94% used [0x00000000bfe00000,0x00000000c1184d90,0x00000000c12c0000)
}
Event: 1211.764 GC heap before
{Heap before GC invocations=5 (full 1):
 PSYoungGen      total 17600K, used 2467K [0x00000000ec560000, 0x00000000ed900000, 0x0000000100000000)
  eden space 15104K, 0% used [0x00000000ec560000,0x00000000ec560000,0x00000000ed420000)
  from space 2496K, 98% used [0x00000000ed690000,0x00000000ed8f8d50,0x00000000ed900000)
  to   space 2496K, 0% used [0x00000000ed420000,0x00000000ed420000,0x00000000ed690000)
 ParOldGen       total 40320K, used 28315K [0x00000000c5000000, 0x00000000c7760000, 0x00000000ec560000)
  object space 40320K, 70% used [0x00000000c5000000,0x00000000c6ba6de8,0x00000000c7760000)
 PSPermGen       total 21248K, used 19987K [0x00000000bfe00000, 0x00000000c12c0000, 0x00000000c5000000)
  object space 21248K, 94% used [0x00000000bfe00000,0x00000000c1184d90,0x00000000c12c0000)
Event: 1211.808 GC heap after
Heap after GC invocations=5 (full 1):
 PSYoungGen      total 17600K, used 0K [0x00000000ec560000, 0x00000000ed900000, 0x0000000100000000)
  eden space 15104K, 0% used [0x00000000ec560000,0x00000000ec560000,0x00000000ed420000)
  from space 2496K, 0% used [0x00000000ed690000,0x00000000ed690000,0x00000000ed900000)
  to   space 2496K, 0% used [0x00000000ed420000,0x00000000ed420000,0x00000000ed690000)
 ParOldGen       total 42048K, used 8901K [0x00000000c5000000, 0x00000000c7910000, 0x00000000ec560000)
  object space 42048K, 21% used [0x00000000c5000000,0x00000000c58b15d8,0x00000000c7910000)
 PSPermGen       total 40256K, used 19964K [0x00000000bfe00000, 0x00000000c2550000, 0x00000000c5000000)
  object space 40256K, 49% used [0x00000000bfe00000,0x00000000c117f290,0x00000000c2550000)
}

