# JRE version: 7.0_25-b15
# Java VM: Java HotSpot(TM) 64-Bit Server VM (23.25-b01 mixed mode linux-amd64 compressed oops)
Heap
 PSYoungGen      total 17600K, used 4832K [0x00000000ec560000, 0x00000000ed900000, 0x0000000100000000)
  eden space 15104K, 15% used [0x00000000ec560000,0x00000000ec7abab8,0x00000000ed420000)
  from space 2496K, 99% used [0x00000000ed690000,0x00000000ed8fc590,0x00000000ed900000)
  to   space 2496K, 0% used [0x00000000ed420000,0x00000000ed420000,0x00000000ed690000)
 ParOldGen       total 40320K, used 3105K [0x00000000c5000000, 0x00000000c7760000, 0x00000000ec560000)
  object space 40320K, 7% used [0x00000000c5000000,0x00000000c53085b8,0x00000000c7760000)
 PSPermGen       total 21248K, used 19459K [0x00000000bfe00000, 0x00000000c12c0000, 0x00000000c5000000)
  object space 21248K, 91% used [0x00000000bfe00000,0x00000000c1100d18,0x00000000c12c0000)
GC Heap History (4 events):
Event: 33.743 GC heap before
{Heap before GC invocations=1 (full 0):
 PSYoungGen      total 17600K, used 15104K [0x00000000ec560000, 0x00000000ed900000, 0x0000000100000000)
  eden space 15104K, 100% used [0x00000000ec560000,0x00000000ed420000,0x00000000ed420000)
  from space 2496K, 0% used [0x00000000ed690000,0x00000000ed690000,0x00000000ed900000)
  to   space 2496K, 0% used [0x00000000ed420000,0x00000000ed420000,0x00000000ed690000)
 ParOldGen       total 40320K, used 0K [0x00000000c5000000, 0x00000000c7760000, 0x00000000ec560000)
  object space 40320K, 0% used [0x00000000c5000000,0x00000000c5000000,0x00000000c7760000)
 PSPermGen       total 21248K, used 14696K [0x00000000bfe00000, 0x00000000c12c0000, 0x00000000c5000000)
  object space 21248K, 69% used [0x00000000bfe00000,0x00000000c0c5a340,0x00000000c12c0000)
Event: 33.752 GC heap after
Heap after GC invocations=1 (full 0):
 PSYoungGen      total 17600K, used 2468K [0x00000000ec560000, 0x00000000ed900000, 0x0000000100000000)
  eden space 15104K, 0% used [0x00000000ec560000,0x00000000ec560000,0x00000000ed420000)
  from space 2496K, 98% used [0x00000000ed420000,0x00000000ed689040,0x00000000ed690000)
  to   space 2496K, 0% used [0x00000000ed690000,0x00000000ed690000,0x00000000ed900000)
 ParOldGen       total 40320K, used 798K [0x00000000c5000000, 0x00000000c7760000, 0x00000000ec560000)
  object space 40320K, 1% used [0x00000000c5000000,0x00000000c50c7940,0x00000000c7760000)
 PSPermGen       total 21248K, used 14696K [0x00000000bfe00000, 0x00000000c12c0000, 0x00000000c5000000)
  object space 21248K, 69% used [0x00000000bfe00000,0x00000000c0c5a340,0x00000000c12c0000)
}
Event: 36.842 GC heap before
{Heap before GC invocations=2 (full 0):
 PSYoungGen      total 17600K, used 17572K [0x00000000ec560000, 0x00000000ed900000, 0x0000000100000000)
  eden space 15104K, 100% used [0x00000000ec560000,0x00000000ed420000,0x00000000ed420000)
  from space 2496K, 98% used [0x00000000ed420000,0x00000000ed689040,0x00000000ed690000)
  to   space 2496K, 0% used [0x00000000ed690000,0x00000000ed690000,0x00000000ed900000)
 ParOldGen       total 40320K, used 798K [0x00000000c5000000, 0x00000000c7760000, 0x00000000ec560000)
  object space 40320K, 1% used [0x00000000c5000000,0x00000000c50c7940,0x00000000c7760000)
 PSPermGen       total 21248K, used 19368K [0x00000000bfe00000, 0x00000000c12c0000, 0x00000000c5000000)
  object space 21248K, 91% used [0x00000000bfe00000,0x00000000c10ea258,0x00000000c12c0000)
Event: 36.857 GC heap after
Heap after GC invocations=2 (full 0):
 PSYoungGen      total 17600K, used 2481K [0x00000000ec560000, 0x00000000ed900000, 0x0000000100000000)
  eden space 15104K, 0% used [0x00000000ec560000,0x00000000ec560000,0x00000000ed420000)
  from space 2496K, 99% used [0x00000000ed690000,0x00000000ed8fc590,0x00000000ed900000)
  to   space 2496K, 0% used [0x00000000ed420000,0x00000000ed420000,0x00000000ed690000)
 ParOldGen       total 40320K, used 3105K [0x00000000c5000000, 0x00000000c7760000, 0x00000000ec560000)
  object space 40320K, 7% used [0x00000000c5000000,0x00000000c53085b8,0x00000000c7760000)
 PSPermGen       total 21248K, used 19368K [0x00000000bfe00000, 0x00000000c12c0000, 0x00000000c5000000)
  object space 21248K, 91% used [0x00000000bfe00000,0x00000000c10ea258,0x00000000c12c0000)
}

